{"timestamp":"2026-04-08T05:27:15.349Z","level":"WARN","message":"Login attempt - user not found","meta":{"email":"Zoro@gmail.com"}}
{"timestamp":"2026-04-08T05:27:43.561Z","level":"WARN","message":"Login attempt - user not found","meta":{"email":"Zoro@gmail.com"}}
{"timestamp":"2026-04-08T16:09:20.543Z","level":"WARN","message":"Login attempt - user not found","meta":{"email":"admin@example.com"}}
{"timestamp":"2026-04-08T16:10:01.923Z","level":"WARN","message":"Login attempt - user not found","meta":{"email":"admin@example.com"}}
{"timestamp":"2026-04-09T06:40:55.781Z","level":"WARN","message":"Invalid image URL provided","meta":{"createdBy":"69d67e27d2b51a2d1950b0d4","image":"https://www.google.com/imgres?q=Advanced%20MERN%20Stack%20Development%20Workshop&imgurl=https%3A%2F%2Fapp.simpleshiksha.com%2Fsubject%2Favatar_1703684329908.webp&imgrefurl=https%3A%2F%2Fwww.simpleshiksha.com%2Ftechnology%2Fsoftware-development%2Fenroll%3Fcourse_package%3Dmern-stack-development&docid=4ajla8dxM0Xx9M&tbnid=EZJSqixC2P22hM&vet=12ahUKEwjH7tDqh-CTAxUHbWwGHRC_IgwQnPAOegQIFxAB..i&w=1280&h=720&hcb=2&ved=2ahUKEwjH7tDqh-CTAxUHbWwGHRC_IgwQnPAOegQIFxAB"}}
{"timestamp":"2026-04-09T06:42:52.488Z","level":"WARN","message":"Invalid image URL provided","meta":{"createdBy":"69d67e27d2b51a2d1950b0d4","image":"https://via.placeholder.com/300x200?text=Event+Image"}}
{"timestamp":"2026-04-09T07:01:11.198Z","level":"WARN","message":"Invalid image URL provided","meta":{"createdBy":"69d67e27d2b51a2d1950b0d4","image":{}}}
{"timestamp":"2026-04-09T07:23:52.622Z","level":"WARN","message":"Login attempt - user not found","meta":{"email":"admin@gmail.com"}}
{"timestamp":"2026-04-09T07:25:13.768Z","level":"WARN","message":"Login attempt - user not found","meta":{"email":"adminadmin@smartevent.com"}}
{"timestamp":"2026-04-17T16:31:20.303Z","level":"WARN","message":"request entity too large","meta":{"statusCode":413,"path":"/api/auth/profile","method":"PUT","stack":"PayloadTooLargeError: request entity too large\n    at readStream (D:\\Event booking System\\smart-event-booking\\backend\\node_modules\\raw-body\\index.js:163:17)\n    at getRawBody (D:\\Event booking System\\smart-event-booking\\backend\\node_modules\\raw-body\\index.js:116:12)\n    at read (D:\\Event booking System\\smart-event-booking\\backend\\node_modules\\body-parser\\lib\\read.js:79:3)\n    at jsonParser (D:\\Event booking System\\smart-event-booking\\backend\\node_modules\\body-parser\\lib\\types\\json.js:138:5)\n    at Layer.handle [as handle_request] (D:\\Event booking System\\smart-event-booking\\backend\\node_modules\\express\\lib\\router\\layer.js:95:5)\n    at trim_prefix (D:\\Event booking System\\smart-event-booking\\backend\\node_modules\\express\\lib\\router\\index.js:328:13)\n    at D:\\Event booking System\\smart-event-booking\\backend\\node_modules\\express\\lib\\router\\index.js:286:9\n    at router.process_params (D:\\Event booking System\\smart-event-booking\\backend\\node_modules\\express\\lib\\router\\index.js:346:12)\n    at next (D:\\Event booking System\\smart-event-booking\\backend\\node_modules\\express\\lib\\router\\index.js:280:10)\n    at cors (D:\\Event booking System\\smart-event-booking\\backend\\node_modules\\cors\\lib\\index.js:188:7)"}}
{"timestamp":"2026-04-23T09:47:47.854Z","level":"WARN","message":"Login attempt - user not found","meta":{"email":"Zoro@gmail.com"}}
{"timestamp":"2026-04-23T09:47:52.487Z","level":"WARN","message":"Login attempt - user not found","meta":{"email":"Zoro@gmail.com"}}
{"timestamp":"2026-04-23T09:47:58.108Z","level":"WARN","message":"Login attempt - user not found","meta":{"email":"Zoro@gmail.com"}}
{"timestamp":"2026-04-23T09:55:33.161Z","level":"WARN","message":"Login attempt - incorrect password","meta":{"userId":"69d5e77665b6c58d578abcf3"}}
{"timestamp":"2026-04-23T14:49:41.838Z","level":"WARN","message":"Login attempt - incorrect password","meta":{"userId":"69d5e77665b6c58d578abcf3"}}
{"timestamp":"2026-04-23T15:12:17.685Z","level":"WARN","message":"Login attempt - user not found","meta":{"email":"Zoro@gmail.com"}}
{"timestamp":"2026-04-23T15:15:46.462Z","level":"WARN","message":"Login attempt - user not found","meta":{"email":"Admin@gmail.com"}}
{"timestamp":"2026-04-23T15:16:57.578Z","level":"WARN","message":"Login attempt - user not found","meta":{"email":"asikk2006@gmail.com"}}
{"timestamp":"2026-04-23T15:17:00.297Z","level":"WARN","message":"Login attempt - user not found","meta":{"email":"asikk2006@gmail.com"}}
{"timestamp":"2026-04-27T15:50:28.653Z","level":"WARN","message":"You can only review events you have attended","meta":{"statusCode":403,"path":"/api/reviews","method":"POST","stack":"Error: You can only review events you have attended\n    at exports.createOrUpdateReview (D:\\Event booking System\\smart-event-booking\\backend\\controllers\\reviewController.js:55:9)\n    at process.processTicksAndRejections (node:internal/process/task_queues:103:5)"}}
{"timestamp":"2026-04-27T15:52:46.464Z","level":"WARN","message":"You can only review events you have attended","meta":{"statusCode":403,"path":"/api/reviews","method":"POST","stack":"Error: You can only review events you have attended\n    at exports.createOrUpdateReview (D:\\Event booking System\\smart-event-booking\\backend\\controllers\\reviewController.js:55:9)\n    at process.processTicksAndRejections (node:internal/process/task_queues:103:5)"}}
{"timestamp":"2026-05-06T15:18:07.814Z","level":"WARN","message":"Login attempt - user not found","meta":{"email":"Zoro@gmail.com"}}
{"timestamp":"2026-05-07T13:45:00.863Z","level":"WARN","message":"Comment must be at least 5 characters","meta":{"statusCode":400,"path":"/api/reviews","method":"POST","stack":"Error: Comment must be at least 5 characters\n    at exports.createOrUpdateReview (D:\\Event booking System\\smart-event-booking\\backend\\controllers\\reviewController.js:35:9)\n    at Layer.handle [as handle_request] (D:\\Event booking System\\smart-event-booking\\backend\\node_modules\\express\\lib\\router\\layer.js:95:5)\n    at next (D:\\Event booking System\\smart-event-booking\\backend\\node_modules\\express\\lib\\router\\route.js:149:13)\n    at exports.protect (D:\\Event booking System\\smart-event-booking\\backend\\middleware\\auth.js:40:5)\n    at process.processTicksAndRejections (node:internal/process/task_queues:103:5)"}}
{"timestamp":"2026-05-07T13:45:12.857Z","level":"WARN","message":"You can only review events you have attended","meta":{"statusCode":403,"path":"/api/reviews","method":"POST","stack":"Error: You can only review events you have attended\n    at exports.createOrUpdateReview (D:\\Event booking System\\smart-event-booking\\backend\\controllers\\reviewController.js:55:9)\n    at process.processTicksAndRejections (node:internal/process/task_queues:103:5)"}}
